*** Using Compiler 'V5.06 update 5 (build 528)', folder: 'C:\Users\27335\Desktop\Keil5\ARM\ARMCC\Bin'
Build target 'project'
compiling Servo.c...
compiling Delay.c...
compiling DS18B20.c...
compiling PWM.c...
compiling USART.c...
compiling ADC.c...
compiling Buzzer.c...
compiling Pump.c...
compiling LED.c...
compiling Key.c...
compiling OLED.c...
compiling Timer.c...
System\Timer\Timer.c(39): warning:  #223-D: function "gizTimerMs" declared implicitly
          gizTimerMs();
System\Timer\Timer.c: 1 warning, 0 errors
compiling dataPointTools.c...
compiling ringbuffer.c...
compiling common.c...
compiling gizwits_protocol.c...
Gizwits\gizwits_protocol.c(146): warning:  #177-D: function "gizDataPoint2Event"  was declared but never referenced
  static int8_t ICACHE_FLASH_ATTR gizDataPoint2Event(uint8_t *issuedData, eventInfo_t *info, dataPoint_t *dataPoints)
Gizwits\gizwits_protocol.c: 1 warning, 0 errors
compiling USART2.c...
compiling stm32f10x_it.c...
compiling gizwits_product.c...
Gizwits\gizwits_product.c(52): warning:  #177-D: variable "dataPointPtr"  was declared but never referenced
      dataPoint_t *dataPointPtr = (dataPoint_t *)gizdata;
Gizwits\gizwits_product.c: 1 warning, 0 errors
compiling main.c...
linking...
Program Size: Code=17572 RO-data=7548 RW-data=84 ZI-data=1532  
FromELF: creating hex file...
".\Objects\Project.axf" - 0 Error(s), 3 Warning(s).
Build Time Elapsed:  00:00:02
